\BOOKMARK [1][]{section.1}{Theory}{}% 1
\BOOKMARK [2][]{subsection.1.1}{Relaxation time}{section.1}% 2
\BOOKMARK [3][]{subsubsection.1.1.1}{Spin-Spin relaxation T2}{subsection.1.1}% 3
\BOOKMARK [3][]{subsubsection.1.1.2}{Spin-Lattice relaxation time T1}{subsection.1.1}% 4
\BOOKMARK [2][]{subsection.1.2}{Chemical shift}{section.1}% 5
\BOOKMARK [2][]{subsection.1.3}{Imaging with NMR}{section.1}% 6
\BOOKMARK [1][]{section.2}{Experimental setup and measurement principles}{}% 7
\BOOKMARK [2][]{subsection.2.1}{Measurement of relaxation times and chemical shift}{section.2}% 8
\BOOKMARK [3][]{subsubsection.2.1.1}{Spin echo}{subsection.2.1}% 9
\BOOKMARK [3][]{subsubsection.2.1.2}{Carr-Purcell sequence}{subsection.2.1}% 10
\BOOKMARK [3][]{subsubsection.2.1.3}{Measurement of spin-lattice relaxation T1}{subsection.2.1}% 11
\BOOKMARK [2][]{subsection.2.2}{Imaging with NMR}{section.2}% 12
\BOOKMARK [1][]{section.3}{Data analysis}{}% 13
\BOOKMARK [2][]{subsection.3.1}{Measurement of relaxation times}{section.3}% 14
\BOOKMARK [2][]{subsection.3.2}{Chemical shift}{section.3}% 15
\BOOKMARK [2][]{subsection.3.3}{Imaging with NMR}{section.3}% 16
\BOOKMARK [3][]{subsubsection.3.3.1}{One dimensional imaging}{subsection.3.3}% 17
\BOOKMARK [3][]{subsubsection.3.3.2}{Two-dimensional imaging}{subsection.3.3}% 18
\BOOKMARK [1][]{section.4}{Discussion - Thimo Preis}{}% 19
\BOOKMARK [1][]{section.5}{Discussion - Tobias Abele}{}% 20
